# Logfile created on 2014-01-07 15:41:31 +0900 by logger.rb/36483
I, [2014-01-07T15:41:31.196980 #3891]  INFO -- : 0:  diff-lcs (1.2.5) from /Users/paranoiase/.rbenv/versions/2.0.0-p247/lib/ruby/gems/2.0.0/specifications/diff-lcs-1.2.5.gemspec
I, [2014-01-07T15:41:31.197642 #3891]  INFO -- : 0:  rspec-core (2.14.7) from /Users/paranoiase/.rbenv/versions/2.0.0-p247/lib/ruby/gems/2.0.0/specifications/rspec-core-2.14.7.gemspec
I, [2014-01-07T15:41:31.198113 #3891]  INFO -- : 0:  rspec-expectations (2.14.4) from /Users/paranoiase/.rbenv/versions/2.0.0-p247/lib/ruby/gems/2.0.0/specifications/rspec-expectations-2.14.4.gemspec
I, [2014-01-07T15:41:31.198554 #3891]  INFO -- : 0:  rspec-mocks (2.14.4) from /Users/paranoiase/.rbenv/versions/2.0.0-p247/lib/ruby/gems/2.0.0/specifications/rspec-mocks-2.14.4.gemspec
I, [2014-01-07T15:41:31.198981 #3891]  INFO -- : 0:  rspec (2.14.1) from /Users/paranoiase/.rbenv/versions/2.0.0-p247/lib/ruby/gems/2.0.0/specifications/rspec-2.14.1.gemspec
I, [2014-01-07T15:41:31.199359 #3891]  INFO -- : 0:  bundler (1.5.1) from /Users/paranoiase/.rbenv/versions/2.0.0-p247/lib/ruby/gems/2.0.0/specifications/bundler-1.5.1.gemspec
I, [2014-01-07T15:46:07.987473 #4147]  INFO -- : 0:  timers (1.1.0) from /Users/paranoiase/.rbenv/versions/2.0.0-p247/lib/ruby/gems/2.0.0/specifications/timers-1.1.0.gemspec
I, [2014-01-07T15:46:07.988156 #4147]  INFO -- : 0:  celluloid (0.15.2) from /Users/paranoiase/.rbenv/versions/2.0.0-p247/lib/ruby/gems/2.0.0/specifications/celluloid-0.15.2.gemspec
I, [2014-01-07T15:46:07.988601 #4147]  INFO -- : 0:  coderay (1.1.0) from /Users/paranoiase/.rbenv/versions/2.0.0-p247/lib/ruby/gems/2.0.0/specifications/coderay-1.1.0.gemspec
I, [2014-01-07T15:46:07.989059 #4147]  INFO -- : 0:  diff-lcs (1.2.5) from /Users/paranoiase/.rbenv/versions/2.0.0-p247/lib/ruby/gems/2.0.0/specifications/diff-lcs-1.2.5.gemspec
I, [2014-01-07T15:46:07.989515 #4147]  INFO -- : 0:  ffi (1.9.3) from /Users/paranoiase/.rbenv/versions/2.0.0-p247/lib/ruby/gems/2.0.0/specifications/ffi-1.9.3.gemspec
I, [2014-01-07T15:46:07.990012 #4147]  INFO -- : 0:  formatador (0.2.4) from /Users/paranoiase/.rbenv/versions/2.0.0-p247/lib/ruby/gems/2.0.0/specifications/formatador-0.2.4.gemspec
I, [2014-01-07T15:46:07.990468 #4147]  INFO -- : 0:  rb-fsevent (0.9.4) from /Users/paranoiase/.rbenv/versions/2.0.0-p247/lib/ruby/gems/2.0.0/specifications/rb-fsevent-0.9.4.gemspec
I, [2014-01-07T15:46:07.990928 #4147]  INFO -- : 0:  rb-inotify (0.9.3) from /Users/paranoiase/.rbenv/versions/2.0.0-p247/lib/ruby/gems/2.0.0/specifications/rb-inotify-0.9.3.gemspec
I, [2014-01-07T15:46:07.991393 #4147]  INFO -- : 0:  listen (2.4.0) from /Users/paranoiase/.rbenv/versions/2.0.0-p247/lib/ruby/gems/2.0.0/specifications/listen-2.4.0.gemspec
I, [2014-01-07T15:46:07.991844 #4147]  INFO -- : 0:  lumberjack (1.0.4) from /Users/paranoiase/.rbenv/versions/2.0.0-p247/lib/ruby/gems/2.0.0/specifications/lumberjack-1.0.4.gemspec
I, [2014-01-07T15:46:07.992271 #4147]  INFO -- : 0:  method_source (0.8.2) from /Users/paranoiase/.rbenv/versions/2.0.0-p247/lib/ruby/gems/2.0.0/specifications/method_source-0.8.2.gemspec
I, [2014-01-07T15:46:07.992724 #4147]  INFO -- : 0:  slop (3.4.7) from /Users/paranoiase/.rbenv/versions/2.0.0-p247/lib/ruby/gems/2.0.0/specifications/slop-3.4.7.gemspec
I, [2014-01-07T15:46:07.993175 #4147]  INFO -- : 0:  pry (0.9.12.4) from /Users/paranoiase/.rbenv/versions/2.0.0-p247/lib/ruby/gems/2.0.0/specifications/pry-0.9.12.4.gemspec
I, [2014-01-07T15:46:07.993622 #4147]  INFO -- : 0:  thor (0.18.1) from /Users/paranoiase/.rbenv/versions/2.0.0-p247/lib/ruby/gems/2.0.0/specifications/thor-0.18.1.gemspec
I, [2014-01-07T15:46:07.994080 #4147]  INFO -- : 0:  guard (2.2.5) from /Users/paranoiase/.rbenv/versions/2.0.0-p247/lib/ruby/gems/2.0.0/specifications/guard-2.2.5.gemspec
I, [2014-01-07T15:46:07.994527 #4147]  INFO -- : 0:  rspec-core (2.14.7) from /Users/paranoiase/.rbenv/versions/2.0.0-p247/lib/ruby/gems/2.0.0/specifications/rspec-core-2.14.7.gemspec
I, [2014-01-07T15:46:07.994974 #4147]  INFO -- : 0:  rspec-expectations (2.14.4) from /Users/paranoiase/.rbenv/versions/2.0.0-p247/lib/ruby/gems/2.0.0/specifications/rspec-expectations-2.14.4.gemspec
I, [2014-01-07T15:46:07.995421 #4147]  INFO -- : 0:  rspec-mocks (2.14.4) from /Users/paranoiase/.rbenv/versions/2.0.0-p247/lib/ruby/gems/2.0.0/specifications/rspec-mocks-2.14.4.gemspec
I, [2014-01-07T15:46:07.995867 #4147]  INFO -- : 0:  rspec (2.14.1) from /Users/paranoiase/.rbenv/versions/2.0.0-p247/lib/ruby/gems/2.0.0/specifications/rspec-2.14.1.gemspec
I, [2014-01-07T15:46:07.996369 #4147]  INFO -- : 0:  guard-rspec (4.2.3) from /Users/paranoiase/.rbenv/versions/2.0.0-p247/lib/ruby/gems/2.0.0/specifications/guard-rspec-4.2.3.gemspec
I, [2014-01-07T15:46:07.996773 #4147]  INFO -- : 0:  bundler (1.5.1) from /Users/paranoiase/.rbenv/versions/2.0.0-p247/lib/ruby/gems/2.0.0/specifications/bundler-1.5.1.gemspec
I, [2014-01-07T19:46:15.422966 #7397]  INFO -- : 0:  timers (1.1.0) from /Users/paranoiase/.rbenv/versions/2.0.0-p247/lib/ruby/gems/2.0.0/specifications/timers-1.1.0.gemspec
I, [2014-01-07T19:46:15.454299 #7397]  INFO -- : 0:  celluloid (0.15.2) from /Users/paranoiase/.rbenv/versions/2.0.0-p247/lib/ruby/gems/2.0.0/specifications/celluloid-0.15.2.gemspec
I, [2014-01-07T19:46:15.454970 #7397]  INFO -- : 0:  coderay (1.1.0) from /Users/paranoiase/.rbenv/versions/2.0.0-p247/lib/ruby/gems/2.0.0/specifications/coderay-1.1.0.gemspec
I, [2014-01-07T19:46:15.455554 #7397]  INFO -- : 0:  diff-lcs (1.2.5) from /Users/paranoiase/.rbenv/versions/2.0.0-p247/lib/ruby/gems/2.0.0/specifications/diff-lcs-1.2.5.gemspec
I, [2014-01-07T19:46:15.456114 #7397]  INFO -- : 0:  ffi (1.9.3) from /Users/paranoiase/.rbenv/versions/2.0.0-p247/lib/ruby/gems/2.0.0/specifications/ffi-1.9.3.gemspec
I, [2014-01-07T19:46:15.456708 #7397]  INFO -- : 0:  formatador (0.2.4) from /Users/paranoiase/.rbenv/versions/2.0.0-p247/lib/ruby/gems/2.0.0/specifications/formatador-0.2.4.gemspec
I, [2014-01-07T19:46:15.457287 #7397]  INFO -- : 0:  rb-fsevent (0.9.4) from /Users/paranoiase/.rbenv/versions/2.0.0-p247/lib/ruby/gems/2.0.0/specifications/rb-fsevent-0.9.4.gemspec
I, [2014-01-07T19:46:15.457858 #7397]  INFO -- : 0:  rb-inotify (0.9.3) from /Users/paranoiase/.rbenv/versions/2.0.0-p247/lib/ruby/gems/2.0.0/specifications/rb-inotify-0.9.3.gemspec
I, [2014-01-07T19:46:15.458480 #7397]  INFO -- : 0:  listen (2.4.0) from /Users/paranoiase/.rbenv/versions/2.0.0-p247/lib/ruby/gems/2.0.0/specifications/listen-2.4.0.gemspec
I, [2014-01-07T19:46:15.458993 #7397]  INFO -- : 0:  lumberjack (1.0.4) from /Users/paranoiase/.rbenv/versions/2.0.0-p247/lib/ruby/gems/2.0.0/specifications/lumberjack-1.0.4.gemspec
I, [2014-01-07T19:46:15.459491 #7397]  INFO -- : 0:  method_source (0.8.2) from /Users/paranoiase/.rbenv/versions/2.0.0-p247/lib/ruby/gems/2.0.0/specifications/method_source-0.8.2.gemspec
I, [2014-01-07T19:46:15.460009 #7397]  INFO -- : 0:  slop (3.4.7) from /Users/paranoiase/.rbenv/versions/2.0.0-p247/lib/ruby/gems/2.0.0/specifications/slop-3.4.7.gemspec
I, [2014-01-07T19:46:15.460504 #7397]  INFO -- : 0:  pry (0.9.12.4) from /Users/paranoiase/.rbenv/versions/2.0.0-p247/lib/ruby/gems/2.0.0/specifications/pry-0.9.12.4.gemspec
I, [2014-01-07T19:46:15.461001 #7397]  INFO -- : 0:  thor (0.18.1) from /Users/paranoiase/.rbenv/versions/2.0.0-p247/lib/ruby/gems/2.0.0/specifications/thor-0.18.1.gemspec
I, [2014-01-07T19:46:15.461505 #7397]  INFO -- : 0:  guard (2.2.5) from /Users/paranoiase/.rbenv/versions/2.0.0-p247/lib/ruby/gems/2.0.0/specifications/guard-2.2.5.gemspec
I, [2014-01-07T19:46:15.461965 #7397]  INFO -- : 0:  rspec-core (2.14.7) from /Users/paranoiase/.rbenv/versions/2.0.0-p247/lib/ruby/gems/2.0.0/specifications/rspec-core-2.14.7.gemspec
I, [2014-01-07T19:46:15.462426 #7397]  INFO -- : 0:  rspec-expectations (2.14.4) from /Users/paranoiase/.rbenv/versions/2.0.0-p247/lib/ruby/gems/2.0.0/specifications/rspec-expectations-2.14.4.gemspec
I, [2014-01-07T19:46:15.462888 #7397]  INFO -- : 0:  rspec-mocks (2.14.4) from /Users/paranoiase/.rbenv/versions/2.0.0-p247/lib/ruby/gems/2.0.0/specifications/rspec-mocks-2.14.4.gemspec
I, [2014-01-07T19:46:15.463346 #7397]  INFO -- : 0:  rspec (2.14.1) from /Users/paranoiase/.rbenv/versions/2.0.0-p247/lib/ruby/gems/2.0.0/specifications/rspec-2.14.1.gemspec
I, [2014-01-07T19:46:15.463860 #7397]  INFO -- : 0:  guard-rspec (4.2.3) from /Users/paranoiase/.rbenv/versions/2.0.0-p247/lib/ruby/gems/2.0.0/specifications/guard-rspec-4.2.3.gemspec
I, [2014-01-07T19:46:15.464326 #7397]  INFO -- : 0:  mini_portile (0.5.2) from /Users/paranoiase/.rbenv/versions/2.0.0-p247/lib/ruby/gems/2.0.0/specifications/mini_portile-0.5.2.gemspec
I, [2014-01-07T19:46:15.464822 #7397]  INFO -- : 0:  nokogiri (1.6.1) from /Users/paranoiase/.rbenv/versions/2.0.0-p247/lib/ruby/gems/2.0.0/specifications/nokogiri-1.6.1.gemspec
I, [2014-01-07T19:46:15.465278 #7397]  INFO -- : 0:  rack (1.5.2) from /Users/paranoiase/.rbenv/versions/2.0.0-p247/lib/ruby/gems/2.0.0/specifications/rack-1.5.2.gemspec
I, [2014-01-07T19:46:15.465746 #7397]  INFO -- : 0:  rack-protection (1.5.1) from /Users/paranoiase/.rbenv/versions/2.0.0-p247/lib/ruby/gems/2.0.0/specifications/rack-protection-1.5.1.gemspec
I, [2014-01-07T19:46:15.466205 #7397]  INFO -- : 0:  tilt (1.4.1) from /Users/paranoiase/.rbenv/versions/2.0.0-p247/lib/ruby/gems/2.0.0/specifications/tilt-1.4.1.gemspec
I, [2014-01-07T19:46:15.466691 #7397]  INFO -- : 0:  sinatra (1.4.4) from /Users/paranoiase/.rbenv/versions/2.0.0-p247/lib/ruby/gems/2.0.0/specifications/sinatra-1.4.4.gemspec
I, [2014-01-07T19:46:15.467126 #7397]  INFO -- : 0:  bundler (1.5.1) from /Users/paranoiase/.rbenv/versions/2.0.0-p247/lib/ruby/gems/2.0.0/specifications/bundler-1.5.1.gemspec
I, [2014-01-07T19:48:10.826988 #7491]  INFO -- : 0:  timers (1.1.0) from /Users/paranoiase/.rbenv/versions/2.0.0-p247/lib/ruby/gems/2.0.0/specifications/timers-1.1.0.gemspec
I, [2014-01-07T19:48:10.827672 #7491]  INFO -- : 0:  celluloid (0.15.2) from /Users/paranoiase/.rbenv/versions/2.0.0-p247/lib/ruby/gems/2.0.0/specifications/celluloid-0.15.2.gemspec
I, [2014-01-07T19:48:10.828201 #7491]  INFO -- : 0:  coderay (1.1.0) from /Users/paranoiase/.rbenv/versions/2.0.0-p247/lib/ruby/gems/2.0.0/specifications/coderay-1.1.0.gemspec
I, [2014-01-07T19:48:10.828717 #7491]  INFO -- : 0:  diff-lcs (1.2.5) from /Users/paranoiase/.rbenv/versions/2.0.0-p247/lib/ruby/gems/2.0.0/specifications/diff-lcs-1.2.5.gemspec
I, [2014-01-07T19:48:10.829222 #7491]  INFO -- : 0:  ffi (1.9.3) from /Users/paranoiase/.rbenv/versions/2.0.0-p247/lib/ruby/gems/2.0.0/specifications/ffi-1.9.3.gemspec
I, [2014-01-07T19:48:10.829727 #7491]  INFO -- : 0:  formatador (0.2.4) from /Users/paranoiase/.rbenv/versions/2.0.0-p247/lib/ruby/gems/2.0.0/specifications/formatador-0.2.4.gemspec
I, [2014-01-07T19:48:10.830255 #7491]  INFO -- : 0:  rb-fsevent (0.9.4) from /Users/paranoiase/.rbenv/versions/2.0.0-p247/lib/ruby/gems/2.0.0/specifications/rb-fsevent-0.9.4.gemspec
I, [2014-01-07T19:48:10.830765 #7491]  INFO -- : 0:  rb-inotify (0.9.3) from /Users/paranoiase/.rbenv/versions/2.0.0-p247/lib/ruby/gems/2.0.0/specifications/rb-inotify-0.9.3.gemspec
I, [2014-01-07T19:48:10.831286 #7491]  INFO -- : 0:  listen (2.4.0) from /Users/paranoiase/.rbenv/versions/2.0.0-p247/lib/ruby/gems/2.0.0/specifications/listen-2.4.0.gemspec
I, [2014-01-07T19:48:10.831752 #7491]  INFO -- : 0:  lumberjack (1.0.4) from /Users/paranoiase/.rbenv/versions/2.0.0-p247/lib/ruby/gems/2.0.0/specifications/lumberjack-1.0.4.gemspec
I, [2014-01-07T19:48:10.832255 #7491]  INFO -- : 0:  method_source (0.8.2) from /Users/paranoiase/.rbenv/versions/2.0.0-p247/lib/ruby/gems/2.0.0/specifications/method_source-0.8.2.gemspec
I, [2014-01-07T19:48:10.832756 #7491]  INFO -- : 0:  slop (3.4.7) from /Users/paranoiase/.rbenv/versions/2.0.0-p247/lib/ruby/gems/2.0.0/specifications/slop-3.4.7.gemspec
I, [2014-01-07T19:48:10.833300 #7491]  INFO -- : 0:  pry (0.9.12.4) from /Users/paranoiase/.rbenv/versions/2.0.0-p247/lib/ruby/gems/2.0.0/specifications/pry-0.9.12.4.gemspec
I, [2014-01-07T19:48:10.833798 #7491]  INFO -- : 0:  thor (0.18.1) from /Users/paranoiase/.rbenv/versions/2.0.0-p247/lib/ruby/gems/2.0.0/specifications/thor-0.18.1.gemspec
I, [2014-01-07T19:48:10.834311 #7491]  INFO -- : 0:  guard (2.2.5) from /Users/paranoiase/.rbenv/versions/2.0.0-p247/lib/ruby/gems/2.0.0/specifications/guard-2.2.5.gemspec
I, [2014-01-07T19:48:10.834837 #7491]  INFO -- : 0:  rspec-core (2.14.7) from /Users/paranoiase/.rbenv/versions/2.0.0-p247/lib/ruby/gems/2.0.0/specifications/rspec-core-2.14.7.gemspec
I, [2014-01-07T19:48:10.835339 #7491]  INFO -- : 0:  rspec-expectations (2.14.4) from /Users/paranoiase/.rbenv/versions/2.0.0-p247/lib/ruby/gems/2.0.0/specifications/rspec-expectations-2.14.4.gemspec
I, [2014-01-07T19:48:10.835805 #7491]  INFO -- : 0:  rspec-mocks (2.14.4) from /Users/paranoiase/.rbenv/versions/2.0.0-p247/lib/ruby/gems/2.0.0/specifications/rspec-mocks-2.14.4.gemspec
I, [2014-01-07T19:48:10.836297 #7491]  INFO -- : 0:  rspec (2.14.1) from /Users/paranoiase/.rbenv/versions/2.0.0-p247/lib/ruby/gems/2.0.0/specifications/rspec-2.14.1.gemspec
I, [2014-01-07T19:48:10.836809 #7491]  INFO -- : 0:  guard-rspec (4.2.3) from /Users/paranoiase/.rbenv/versions/2.0.0-p247/lib/ruby/gems/2.0.0/specifications/guard-rspec-4.2.3.gemspec
I, [2014-01-07T19:48:10.837888 #7491]  INFO -- : 0:  mini_portile (0.5.2) from /Users/paranoiase/.rbenv/versions/2.0.0-p247/lib/ruby/gems/2.0.0/specifications/mini_portile-0.5.2.gemspec
I, [2014-01-07T19:48:10.838500 #7491]  INFO -- : 0:  nokogiri (1.6.1) from /Users/paranoiase/.rbenv/versions/2.0.0-p247/lib/ruby/gems/2.0.0/specifications/nokogiri-1.6.1.gemspec
I, [2014-01-07T19:48:10.838994 #7491]  INFO -- : 0:  rack (1.5.2) from /Users/paranoiase/.rbenv/versions/2.0.0-p247/lib/ruby/gems/2.0.0/specifications/rack-1.5.2.gemspec
I, [2014-01-07T19:48:10.839492 #7491]  INFO -- : 0:  rack-protection (1.5.1) from /Users/paranoiase/.rbenv/versions/2.0.0-p247/lib/ruby/gems/2.0.0/specifications/rack-protection-1.5.1.gemspec
I, [2014-01-07T19:48:10.839964 #7491]  INFO -- : 0:  rack-test (0.6.2) from /Users/paranoiase/.rbenv/versions/2.0.0-p247/lib/ruby/gems/2.0.0/specifications/rack-test-0.6.2.gemspec
I, [2014-01-07T19:48:10.840412 #7491]  INFO -- : 0:  tilt (1.4.1) from /Users/paranoiase/.rbenv/versions/2.0.0-p247/lib/ruby/gems/2.0.0/specifications/tilt-1.4.1.gemspec
I, [2014-01-07T19:48:10.840909 #7491]  INFO -- : 0:  sinatra (1.4.4) from /Users/paranoiase/.rbenv/versions/2.0.0-p247/lib/ruby/gems/2.0.0/specifications/sinatra-1.4.4.gemspec
I, [2014-01-07T19:48:10.862181 #7491]  INFO -- : 0:  bundler (1.5.1) from /Users/paranoiase/.rbenv/versions/2.0.0-p247/lib/ruby/gems/2.0.0/specifications/bundler-1.5.1.gemspec
I, [2014-01-07T19:51:05.360609 #7661]  INFO -- : 0:  timers (1.1.0) from /Users/paranoiase/.rbenv/versions/2.0.0-p247/lib/ruby/gems/2.0.0/specifications/timers-1.1.0.gemspec
I, [2014-01-07T19:51:05.361264 #7661]  INFO -- : 0:  celluloid (0.15.2) from /Users/paranoiase/.rbenv/versions/2.0.0-p247/lib/ruby/gems/2.0.0/specifications/celluloid-0.15.2.gemspec
I, [2014-01-07T19:51:05.361703 #7661]  INFO -- : 0:  coderay (1.1.0) from /Users/paranoiase/.rbenv/versions/2.0.0-p247/lib/ruby/gems/2.0.0/specifications/coderay-1.1.0.gemspec
I, [2014-01-07T19:51:05.362125 #7661]  INFO -- : 0:  diff-lcs (1.2.5) from /Users/paranoiase/.rbenv/versions/2.0.0-p247/lib/ruby/gems/2.0.0/specifications/diff-lcs-1.2.5.gemspec
I, [2014-01-07T19:51:05.362538 #7661]  INFO -- : 0:  ffi (1.9.3) from /Users/paranoiase/.rbenv/versions/2.0.0-p247/lib/ruby/gems/2.0.0/specifications/ffi-1.9.3.gemspec
I, [2014-01-07T19:51:05.362949 #7661]  INFO -- : 0:  formatador (0.2.4) from /Users/paranoiase/.rbenv/versions/2.0.0-p247/lib/ruby/gems/2.0.0/specifications/formatador-0.2.4.gemspec
I, [2014-01-07T19:51:05.363365 #7661]  INFO -- : 0:  rb-fsevent (0.9.4) from /Users/paranoiase/.rbenv/versions/2.0.0-p247/lib/ruby/gems/2.0.0/specifications/rb-fsevent-0.9.4.gemspec
I, [2014-01-07T19:51:05.363784 #7661]  INFO -- : 0:  rb-inotify (0.9.3) from /Users/paranoiase/.rbenv/versions/2.0.0-p247/lib/ruby/gems/2.0.0/specifications/rb-inotify-0.9.3.gemspec
I, [2014-01-07T19:51:05.364205 #7661]  INFO -- : 0:  listen (2.4.0) from /Users/paranoiase/.rbenv/versions/2.0.0-p247/lib/ruby/gems/2.0.0/specifications/listen-2.4.0.gemspec
I, [2014-01-07T19:51:05.364615 #7661]  INFO -- : 0:  lumberjack (1.0.4) from /Users/paranoiase/.rbenv/versions/2.0.0-p247/lib/ruby/gems/2.0.0/specifications/lumberjack-1.0.4.gemspec
I, [2014-01-07T19:51:05.365063 #7661]  INFO -- : 0:  method_source (0.8.2) from /Users/paranoiase/.rbenv/versions/2.0.0-p247/lib/ruby/gems/2.0.0/specifications/method_source-0.8.2.gemspec
I, [2014-01-07T19:51:05.365482 #7661]  INFO -- : 0:  slop (3.4.7) from /Users/paranoiase/.rbenv/versions/2.0.0-p247/lib/ruby/gems/2.0.0/specifications/slop-3.4.7.gemspec
I, [2014-01-07T19:51:05.365899 #7661]  INFO -- : 0:  pry (0.9.12.4) from /Users/paranoiase/.rbenv/versions/2.0.0-p247/lib/ruby/gems/2.0.0/specifications/pry-0.9.12.4.gemspec
I, [2014-01-07T19:51:05.366313 #7661]  INFO -- : 0:  thor (0.18.1) from /Users/paranoiase/.rbenv/versions/2.0.0-p247/lib/ruby/gems/2.0.0/specifications/thor-0.18.1.gemspec
I, [2014-01-07T19:51:05.366737 #7661]  INFO -- : 0:  guard (2.2.5) from /Users/paranoiase/.rbenv/versions/2.0.0-p247/lib/ruby/gems/2.0.0/specifications/guard-2.2.5.gemspec
I, [2014-01-07T19:51:05.367149 #7661]  INFO -- : 0:  rspec-core (2.14.7) from /Users/paranoiase/.rbenv/versions/2.0.0-p247/lib/ruby/gems/2.0.0/specifications/rspec-core-2.14.7.gemspec
I, [2014-01-07T19:51:05.367560 #7661]  INFO -- : 0:  rspec-expectations (2.14.4) from /Users/paranoiase/.rbenv/versions/2.0.0-p247/lib/ruby/gems/2.0.0/specifications/rspec-expectations-2.14.4.gemspec
I, [2014-01-07T19:51:05.367962 #7661]  INFO -- : 0:  rspec-mocks (2.14.4) from /Users/paranoiase/.rbenv/versions/2.0.0-p247/lib/ruby/gems/2.0.0/specifications/rspec-mocks-2.14.4.gemspec
I, [2014-01-07T19:51:05.368371 #7661]  INFO -- : 0:  rspec (2.14.1) from /Users/paranoiase/.rbenv/versions/2.0.0-p247/lib/ruby/gems/2.0.0/specifications/rspec-2.14.1.gemspec
I, [2014-01-07T19:51:05.368798 #7661]  INFO -- : 0:  guard-rspec (4.2.3) from /Users/paranoiase/.rbenv/versions/2.0.0-p247/lib/ruby/gems/2.0.0/specifications/guard-rspec-4.2.3.gemspec
I, [2014-01-07T19:51:05.369228 #7661]  INFO -- : 0:  mini_portile (0.5.2) from /Users/paranoiase/.rbenv/versions/2.0.0-p247/lib/ruby/gems/2.0.0/specifications/mini_portile-0.5.2.gemspec
I, [2014-01-07T19:51:05.369647 #7661]  INFO -- : 0:  nokogiri (1.6.1) from /Users/paranoiase/.rbenv/versions/2.0.0-p247/lib/ruby/gems/2.0.0/specifications/nokogiri-1.6.1.gemspec
I, [2014-01-07T19:51:05.370053 #7661]  INFO -- : 0:  rack (1.5.2) from /Users/paranoiase/.rbenv/versions/2.0.0-p247/lib/ruby/gems/2.0.0/specifications/rack-1.5.2.gemspec
I, [2014-01-07T19:51:05.370472 #7661]  INFO -- : 0:  rack-protection (1.5.1) from /Users/paranoiase/.rbenv/versions/2.0.0-p247/lib/ruby/gems/2.0.0/specifications/rack-protection-1.5.1.gemspec
I, [2014-01-07T19:51:05.370880 #7661]  INFO -- : 0:  rack-test (0.6.2) from /Users/paranoiase/.rbenv/versions/2.0.0-p247/lib/ruby/gems/2.0.0/specifications/rack-test-0.6.2.gemspec
I, [2014-01-07T19:51:05.371279 #7661]  INFO -- : 0:  tilt (1.4.1) from /Users/paranoiase/.rbenv/versions/2.0.0-p247/lib/ruby/gems/2.0.0/specifications/tilt-1.4.1.gemspec
I, [2014-01-07T19:51:05.371697 #7661]  INFO -- : 0:  sinatra (1.4.4) from /Users/paranoiase/.rbenv/versions/2.0.0-p247/lib/ruby/gems/2.0.0/specifications/sinatra-1.4.4.gemspec
I, [2014-01-07T19:51:05.372059 #7661]  INFO -- : 0:  bundler (1.5.1) from /Users/paranoiase/.rbenv/versions/2.0.0-p247/lib/ruby/gems/2.0.0/specifications/bundler-1.5.1.gemspec
